<?xml version="1.0" encoding="UTF-8"?>
<testsuite xmlns:xsi="http://www.w3.org/2001/XMLSchema-instance" xsi:noNamespaceSchemaLocation="https://maven.apache.org/surefire/maven-surefire-plugin/xsd/surefire-test-report.xsd" name="cucumber.Options.TestRunner" time="32.628" tests="19" errors="0" skipped="0" failures="4">
  <properties>
    <property name="java.specification.version" value="20"/>
    <property name="sun.cpu.isalist" value="amd64"/>
    <property name="sun.jnu.encoding" value="Cp1252"/>
    <property name="java.class.path" value="D:\eclipse_workspace_d\Itunes_API_Framework\target\test-classes;D:\eclipse_workspace_d\Itunes_API_Framework\target\classes;C:\Users\Shravan Burgu\.m2\repository\io\cucumber\cucumber-java\7.14.0\cucumber-java-7.14.0.jar;C:\Users\Shravan Burgu\.m2\repository\io\cucumber\cucumber-core\7.14.0\cucumber-core-7.14.0.jar;C:\Users\Shravan Burgu\.m2\repository\io\cucumber\cucumber-gherkin\7.14.0\cucumber-gherkin-7.14.0.jar;C:\Users\Shravan Burgu\.m2\repository\io\cucumber\cucumber-gherkin-messages\7.14.0\cucumber-gherkin-messages-7.14.0.jar;C:\Users\Shravan Burgu\.m2\repository\io\cucumber\gherkin\26.2.0\gherkin-26.2.0.jar;C:\Users\Shravan Burgu\.m2\repository\io\cucumber\messages\22.0.0\messages-22.0.0.jar;C:\Users\Shravan Burgu\.m2\repository\io\cucumber\tag-expressions\5.0.6\tag-expressions-5.0.6.jar;C:\Users\Shravan Burgu\.m2\repository\io\cucumber\cucumber-expressions\16.1.2\cucumber-expressions-16.1.2.jar;C:\Users\Shravan Burgu\.m2\repository\io\cucumber\datatable\7.14.0\datatable-7.14.0.jar;C:\Users\Shravan Burgu\.m2\repository\io\cucumber\cucumber-plugin\7.14.0\cucumber-plugin-7.14.0.jar;C:\Users\Shravan Burgu\.m2\repository\io\cucumber\docstring\7.14.0\docstring-7.14.0.jar;C:\Users\Shravan Burgu\.m2\repository\io\cucumber\html-formatter\20.4.0\html-formatter-20.4.0.jar;C:\Users\Shravan Burgu\.m2\repository\io\cucumber\junit-xml-formatter\0.2.0\junit-xml-formatter-0.2.0.jar;C:\Users\Shravan Burgu\.m2\repository\io\cucumber\ci-environment\9.2.0\ci-environment-9.2.0.jar;C:\Users\Shravan Burgu\.m2\repository\org\apiguardian\apiguardian-api\1.1.2\apiguardian-api-1.1.2.jar;C:\Users\Shravan Burgu\.m2\repository\io\cucumber\cucumber-junit\7.14.0\cucumber-junit-7.14.0.jar;C:\Users\Shravan Burgu\.m2\repository\io\rest-assured\rest-assured\5.3.2\rest-assured-5.3.2.jar;C:\Users\Shravan Burgu\.m2\repository\org\apache\groovy\groovy\4.0.11\groovy-4.0.11.jar;C:\Users\Shravan Burgu\.m2\repository\org\apache\groovy\groovy-xml\4.0.11\groovy-xml-4.0.11.jar;C:\Users\Shravan Burgu\.m2\repository\org\apache\httpcomponents\httpclient\4.5.13\httpclient-4.5.13.jar;C:\Users\Shravan Burgu\.m2\repository\org\apache\httpcomponents\httpcore\4.4.13\httpcore-4.4.13.jar;C:\Users\Shravan Burgu\.m2\repository\commons-logging\commons-logging\1.2\commons-logging-1.2.jar;C:\Users\Shravan Burgu\.m2\repository\commons-codec\commons-codec\1.11\commons-codec-1.11.jar;C:\Users\Shravan Burgu\.m2\repository\org\apache\httpcomponents\httpmime\4.5.13\httpmime-4.5.13.jar;C:\Users\Shravan Burgu\.m2\repository\org\hamcrest\hamcrest\2.2\hamcrest-2.2.jar;C:\Users\Shravan Burgu\.m2\repository\org\ccil\cowan\tagsoup\tagsoup\1.2.1\tagsoup-1.2.1.jar;C:\Users\Shravan Burgu\.m2\repository\io\rest-assured\json-path\5.3.2\json-path-5.3.2.jar;C:\Users\Shravan Burgu\.m2\repository\org\apache\groovy\groovy-json\4.0.11\groovy-json-4.0.11.jar;C:\Users\Shravan Burgu\.m2\repository\io\rest-assured\rest-assured-common\5.3.2\rest-assured-common-5.3.2.jar;C:\Users\Shravan Burgu\.m2\repository\io\rest-assured\xml-path\5.3.2\xml-path-5.3.2.jar;C:\Users\Shravan Burgu\.m2\repository\org\apache\commons\commons-lang3\3.11\commons-lang3-3.11.jar;C:\Users\Shravan Burgu\.m2\repository\junit\junit\4.11\junit-4.11.jar;C:\Users\Shravan Burgu\.m2\repository\org\hamcrest\hamcrest-core\1.3\hamcrest-core-1.3.jar;"/>
    <property name="java.vm.vendor" value="Oracle Corporation"/>
    <property name="sun.arch.data.model" value="64"/>
    <property name="user.variant" value=""/>
    <property name="java.vendor.url" value="https://java.oracle.com/"/>
    <property name="user.timezone" value="Asia/Calcutta"/>
    <property name="os.name" value="Windows 11"/>
    <property name="java.vm.specification.version" value="20"/>
    <property name="sun.java.launcher" value="SUN_STANDARD"/>
    <property name="user.country" value="IN"/>
    <property name="sun.boot.library.path" value="C:\Program Files\Java\jdk-20\bin"/>
    <property name="sun.java.command" value="C:\Users\SHRAVA~1\AppData\Local\Temp\surefire1754647017084420876\surefirebooter5882367916948074792.jar C:\Users\Shravan Burgu\AppData\Local\Temp\surefire1754647017084420876 2023-10-03T13-36-15_943-jvmRun1 surefire8843066753792349393tmp surefire_017157443823186365599tmp"/>
    <property name="jdk.debug" value="release"/>
    <property name="surefire.test.class.path" value="D:\eclipse_workspace_d\Itunes_API_Framework\target\test-classes;D:\eclipse_workspace_d\Itunes_API_Framework\target\classes;C:\Users\Shravan Burgu\.m2\repository\io\cucumber\cucumber-java\7.14.0\cucumber-java-7.14.0.jar;C:\Users\Shravan Burgu\.m2\repository\io\cucumber\cucumber-core\7.14.0\cucumber-core-7.14.0.jar;C:\Users\Shravan Burgu\.m2\repository\io\cucumber\cucumber-gherkin\7.14.0\cucumber-gherkin-7.14.0.jar;C:\Users\Shravan Burgu\.m2\repository\io\cucumber\cucumber-gherkin-messages\7.14.0\cucumber-gherkin-messages-7.14.0.jar;C:\Users\Shravan Burgu\.m2\repository\io\cucumber\gherkin\26.2.0\gherkin-26.2.0.jar;C:\Users\Shravan Burgu\.m2\repository\io\cucumber\messages\22.0.0\messages-22.0.0.jar;C:\Users\Shravan Burgu\.m2\repository\io\cucumber\tag-expressions\5.0.6\tag-expressions-5.0.6.jar;C:\Users\Shravan Burgu\.m2\repository\io\cucumber\cucumber-expressions\16.1.2\cucumber-expressions-16.1.2.jar;C:\Users\Shravan Burgu\.m2\repository\io\cucumber\datatable\7.14.0\datatable-7.14.0.jar;C:\Users\Shravan Burgu\.m2\repository\io\cucumber\cucumber-plugin\7.14.0\cucumber-plugin-7.14.0.jar;C:\Users\Shravan Burgu\.m2\repository\io\cucumber\docstring\7.14.0\docstring-7.14.0.jar;C:\Users\Shravan Burgu\.m2\repository\io\cucumber\html-formatter\20.4.0\html-formatter-20.4.0.jar;C:\Users\Shravan Burgu\.m2\repository\io\cucumber\junit-xml-formatter\0.2.0\junit-xml-formatter-0.2.0.jar;C:\Users\Shravan Burgu\.m2\repository\io\cucumber\ci-environment\9.2.0\ci-environment-9.2.0.jar;C:\Users\Shravan Burgu\.m2\repository\org\apiguardian\apiguardian-api\1.1.2\apiguardian-api-1.1.2.jar;C:\Users\Shravan Burgu\.m2\repository\io\cucumber\cucumber-junit\7.14.0\cucumber-junit-7.14.0.jar;C:\Users\Shravan Burgu\.m2\repository\io\rest-assured\rest-assured\5.3.2\rest-assured-5.3.2.jar;C:\Users\Shravan Burgu\.m2\repository\org\apache\groovy\groovy\4.0.11\groovy-4.0.11.jar;C:\Users\Shravan Burgu\.m2\repository\org\apache\groovy\groovy-xml\4.0.11\groovy-xml-4.0.11.jar;C:\Users\Shravan Burgu\.m2\repository\org\apache\httpcomponents\httpclient\4.5.13\httpclient-4.5.13.jar;C:\Users\Shravan Burgu\.m2\repository\org\apache\httpcomponents\httpcore\4.4.13\httpcore-4.4.13.jar;C:\Users\Shravan Burgu\.m2\repository\commons-logging\commons-logging\1.2\commons-logging-1.2.jar;C:\Users\Shravan Burgu\.m2\repository\commons-codec\commons-codec\1.11\commons-codec-1.11.jar;C:\Users\Shravan Burgu\.m2\repository\org\apache\httpcomponents\httpmime\4.5.13\httpmime-4.5.13.jar;C:\Users\Shravan Burgu\.m2\repository\org\hamcrest\hamcrest\2.2\hamcrest-2.2.jar;C:\Users\Shravan Burgu\.m2\repository\org\ccil\cowan\tagsoup\tagsoup\1.2.1\tagsoup-1.2.1.jar;C:\Users\Shravan Burgu\.m2\repository\io\rest-assured\json-path\5.3.2\json-path-5.3.2.jar;C:\Users\Shravan Burgu\.m2\repository\org\apache\groovy\groovy-json\4.0.11\groovy-json-4.0.11.jar;C:\Users\Shravan Burgu\.m2\repository\io\rest-assured\rest-assured-common\5.3.2\rest-assured-common-5.3.2.jar;C:\Users\Shravan Burgu\.m2\repository\io\rest-assured\xml-path\5.3.2\xml-path-5.3.2.jar;C:\Users\Shravan Burgu\.m2\repository\org\apache\commons\commons-lang3\3.11\commons-lang3-3.11.jar;C:\Users\Shravan Burgu\.m2\repository\junit\junit\4.11\junit-4.11.jar;C:\Users\Shravan Burgu\.m2\repository\org\hamcrest\hamcrest-core\1.3\hamcrest-core-1.3.jar;"/>
    <property name="sun.cpu.endian" value="little"/>
    <property name="user.home" value="C:\Users\Shravan Burgu"/>
    <property name="user.language" value="en"/>
    <property name="java.specification.vendor" value="Oracle Corporation"/>
    <property name="java.version.date" value="2023-04-18"/>
    <property name="java.home" value="C:\Program Files\Java\jdk-20"/>
    <property name="file.separator" value="\"/>
    <property name="basedir" value="D:\eclipse_workspace_d\Itunes_API_Framework"/>
    <property name="java.vm.compressedOopsMode" value="32-bit"/>
    <property name="line.separator" value="&#10;"/>
    <property name="java.vm.specification.vendor" value="Oracle Corporation"/>
    <property name="java.specification.name" value="Java Platform API Specification"/>
    <property name="surefire.real.class.path" value="C:\Users\SHRAVA~1\AppData\Local\Temp\surefire1754647017084420876\surefirebooter5882367916948074792.jar"/>
    <property name="user.script" value=""/>
    <property name="sun.management.compiler" value="HotSpot 64-Bit Tiered Compilers"/>
    <property name="java.runtime.version" value="20.0.1+9-29"/>
    <property name="user.name" value="Shravan Burgu"/>
    <property name="stdout.encoding" value="Cp1252"/>
    <property name="path.separator" value=";"/>
    <property name="os.version" value="10.0"/>
    <property name="java.runtime.name" value="Java(TM) SE Runtime Environment"/>
    <property name="file.encoding" value="UTF-8"/>
    <property name="java.vm.name" value="Java HotSpot(TM) 64-Bit Server VM"/>
    <property name="localRepository" value="C:\Users\Shravan Burgu\.m2\repository"/>
    <property name="java.vendor.url.bug" value="https://bugreport.java.com/bugreport/"/>
    <property name="java.io.tmpdir" value="C:\Users\SHRAVA~1\AppData\Local\Temp\"/>
    <property name="java.version" value="20.0.1"/>
    <property name="user.dir" value="D:\eclipse_workspace_d\Itunes_API_Framework"/>
    <property name="os.arch" value="amd64"/>
    <property name="java.vm.specification.name" value="Java Virtual Machine Specification"/>
    <property name="sun.os.patch.level" value=""/>
    <property name="native.encoding" value="Cp1252"/>
    <property name="java.library.path" value="C:\Program Files\Java\jdk-20\bin;C:\WINDOWS\Sun\Java\bin;C:\WINDOWS\system32;C:\WINDOWS;C:\Program Files\Common Files\Oracle\Java\javapath;C:\oraclexe\app\oracle\product\10.2.0\server\bin;C:\Windows\system32;C:\Windows;C:\Windows\System32\Wbem;C:\Windows\System32\WindowsPowerShell\v1.0\;C:\Windows\System32\OpenSSH\;C:\Program Files (x86)\NVIDIA Corporation\PhysX\Common;C:\Program Files\NVIDIA Corporation\NVIDIA NvDLISR;C:\Program Files\Java\jdk-20\bin;C:\Program Files\Microsoft SQL Server\120\Tools\Binn\;C:\Program Files\Common Files\Autodesk Shared\;C:\WINDOWS\system32;C:\WINDOWS;C:\WINDOWS\System32\Wbem;C:\WINDOWS\System32\WindowsPowerShell\v1.0\;C:\WINDOWS\System32\OpenSSH\;C:\apache-maven-3.6.3\bin;C:\Program Files\nodejs\;C:\Users\Shravan Burgu\AppData\Local\Microsoft\WindowsApps;;C:\Users\Shravan Burgu\AppData\Local\Programs\Fiddler;C:\Users\Shravan Burgu\AppData\Local\Programs\Microsoft VS Code\bin;C:\Users\Shravan Burgu\AppData\Local\Microsoft\WindowsApps;C:\Users\Shravan Burgu\AppData\Roaming\npm;."/>
    <property name="java.vm.info" value="mixed mode, sharing"/>
    <property name="stderr.encoding" value="Cp1252"/>
    <property name="java.vendor" value="Oracle Corporation"/>
    <property name="java.vm.version" value="20.0.1+9-29"/>
    <property name="sun.io.unicode.encoding" value="UnicodeLittle"/>
    <property name="java.class.version" value="64.0"/>
  </properties>
  <testcase name="Validate iTunes Search API Response" classname="iTunes Search API Validations" time="5.414"/>
  <testcase name="Validate iTunes Search API Response filtering based on country #1" classname="iTunes Search API Validations" time="2.307"/>
  <testcase name="Validate iTunes Search API Response filtering based on country #2" classname="iTunes Search API Validations" time="1.504"/>
  <testcase name="Validate iTunes Search API Response filtering based on country #3" classname="iTunes Search API Validations" time="2.435"/>
  <testcase name="Validate iTunes Search API Response filtering based on country #4" classname="iTunes Search API Validations" time="1.831"/>
  <testcase name="Validate iTunes Search API Response filtering based on media #1" classname="iTunes Search API Validations" time="0.665">
    <failure message="Node 4 missing the search term" type="java.lang.AssertionError">java.lang.AssertionError: Node 4 missing the search term
</failure>
    <system-out><![CDATA[
@Regression @MediaKind
Scenario Outline: Validate iTunes Search API Response filtering based on media &amp#27;[90m# src/test/java/features/searchContentValidations.feature:41&amp#27;[0m
  &amp#27;[32mGiven &amp#27;[0m&amp#27;[32muser has &amp#27;[0m&amp#27;[32m&amp#27;[1m"iTunesSearchAPI"&amp#27;[0m                                             &amp#27;[90m# stepDefinations.StepDefinations.user_has(java.lang.String)&amp#27;[0m
  &amp#27;[32mAnd &amp#27;[0m&amp#27;[32mQuery Params term as &amp#27;[0m&amp#27;[32m&amp#27;[1m"James Cameron"&amp#27;[0m&amp#27;[32m and &amp#27;[0m&amp#27;[32m&amp#27;[1m"media"&amp#27;[0m&amp#27;[32m as &amp#27;[0m&amp#27;[32m&amp#27;[1m"movie"&amp#27;[0m              &amp#27;[90m# stepDefinations.StepDefinations.queryParams_as(java.lang.String,java.lang.String,java.lang.String)&amp#27;[0m
  &amp#27;[32mWhen &amp#27;[0m&amp#27;[32muser hits iTunes Search API&amp#27;[0m                                             &amp#27;[90m# stepDefinations.StepDefinations.user_hits_i_tunes_search_api()&amp#27;[0m
  &amp#27;[32mThen &amp#27;[0m&amp#27;[32mthe API call got response with status code &amp#27;[0m&amp#27;[32m&amp#27;[1m200&amp#27;[0m                          &amp#27;[90m# stepDefinations.StepDefinations.the_api_call_got_response_with_status_code(java.lang.Integer)&amp#27;[0m
  &amp#27;[32mAnd &amp#27;[0m&amp#27;[32mresponse result count should be less than or equal to &amp#27;[0m&amp#27;[32m&amp#27;[1m50&amp#27;[0m                 &amp#27;[90m# stepDefinations.StepDefinations.response_result_count_should_be_less_than_or_equal_to(java.lang.Integer)&amp#27;[0m
  &amp#27;[32mAnd &amp#27;[0m&amp#27;[32mresponse kind is &amp#27;[0m&amp#27;[32m&amp#27;[1m"feature-movie"&amp#27;[0m                                         &amp#27;[90m# stepDefinations.StepDefinations.response_kind_in_each_node_should_be(java.lang.String)&amp#27;[0m
  &amp#27;[31mAnd &amp#27;[0m&amp#27;[31meach node in response contains given keyword&amp#27;[0m                             &amp#27;[90m# stepDefinations.StepDefinations.each_node_in_response_contains_given_keyword()&amp#27;[0m
      &amp#27;[31mjava.lang.AssertionError: Node 4 missing the search term
	at org.junit.Assert.fail(Assert.java:88)
	at org.junit.Assert.assertTrue(Assert.java:41)
	at stepDefinations.StepDefinations.each_node_in_response_contains_given_keyword(StepDefinations.java:83)
	at ✽.each node in response contains given keyword(file:///D:/eclipse_workspace_d/Itunes_API_Framework/src/test/java/features/searchContentValidations.feature:37)
&amp#27;[0m
]]></system-out>
  </testcase>
  <testcase name="Validate iTunes Search API Response filtering based on media #2" classname="iTunes Search API Validations" time="0.109"/>
  <testcase name="Validate iTunes Search API Response filtering based on media #3" classname="iTunes Search API Validations" time="1.975"/>
  <testcase name="Validate iTunes Search API Response filtering based on media #4" classname="iTunes Search API Validations" time="1.347">
    <failure message="Node 1 missing the search term" type="java.lang.AssertionError">java.lang.AssertionError: Node 1 missing the search term
</failure>
    <system-out><![CDATA[
@Regression @MediaKind
Scenario Outline: Validate iTunes Search API Response filtering based on media &amp#27;[90m# src/test/java/features/searchContentValidations.feature:44&amp#27;[0m
  &amp#27;[32mGiven &amp#27;[0m&amp#27;[32muser has &amp#27;[0m&amp#27;[32m&amp#27;[1m"iTunesSearchAPI"&amp#27;[0m                                             &amp#27;[90m# stepDefinations.StepDefinations.user_has(java.lang.String)&amp#27;[0m
  &amp#27;[32mAnd &amp#27;[0m&amp#27;[32mQuery Params term as &amp#27;[0m&amp#27;[32m&amp#27;[1m"A.R. Rahman"&amp#27;[0m&amp#27;[32m and &amp#27;[0m&amp#27;[32m&amp#27;[1m"media"&amp#27;[0m&amp#27;[32m as &amp#27;[0m&amp#27;[32m&amp#27;[1m"musicVideo"&amp#27;[0m           &amp#27;[90m# stepDefinations.StepDefinations.queryParams_as(java.lang.String,java.lang.String,java.lang.String)&amp#27;[0m
  &amp#27;[32mWhen &amp#27;[0m&amp#27;[32muser hits iTunes Search API&amp#27;[0m                                             &amp#27;[90m# stepDefinations.StepDefinations.user_hits_i_tunes_search_api()&amp#27;[0m
  &amp#27;[32mThen &amp#27;[0m&amp#27;[32mthe API call got response with status code &amp#27;[0m&amp#27;[32m&amp#27;[1m200&amp#27;[0m                          &amp#27;[90m# stepDefinations.StepDefinations.the_api_call_got_response_with_status_code(java.lang.Integer)&amp#27;[0m
  &amp#27;[32mAnd &amp#27;[0m&amp#27;[32mresponse result count should be less than or equal to &amp#27;[0m&amp#27;[32m&amp#27;[1m50&amp#27;[0m                 &amp#27;[90m# stepDefinations.StepDefinations.response_result_count_should_be_less_than_or_equal_to(java.lang.Integer)&amp#27;[0m
  &amp#27;[32mAnd &amp#27;[0m&amp#27;[32mresponse kind is &amp#27;[0m&amp#27;[32m&amp#27;[1m"music-video"&amp#27;[0m                                           &amp#27;[90m# stepDefinations.StepDefinations.response_kind_in_each_node_should_be(java.lang.String)&amp#27;[0m
  &amp#27;[31mAnd &amp#27;[0m&amp#27;[31meach node in response contains given keyword&amp#27;[0m                             &amp#27;[90m# stepDefinations.StepDefinations.each_node_in_response_contains_given_keyword()&amp#27;[0m
      &amp#27;[31mjava.lang.AssertionError: Node 1 missing the search term
	at org.junit.Assert.fail(Assert.java:88)
	at org.junit.Assert.assertTrue(Assert.java:41)
	at stepDefinations.StepDefinations.each_node_in_response_contains_given_keyword(StepDefinations.java:83)
	at ✽.each node in response contains given keyword(file:///D:/eclipse_workspace_d/Itunes_API_Framework/src/test/java/features/searchContentValidations.feature:37)
&amp#27;[0m
]]></system-out>
  </testcase>
  <testcase name="Validate iTunes Search API Response filtering based on media #5" classname="iTunes Search API Validations" time="0.172">
    <failure message="expected:&lt;null&gt; but was:&lt;audiobook&gt;" type="java.lang.AssertionError"><![CDATA[java.lang.AssertionError: expected:<null> but was:<audiobook>
]]></failure>
    <system-out><![CDATA[
@Regression @MediaKind
Scenario Outline: Validate iTunes Search API Response filtering based on media &amp#27;[90m# src/test/java/features/searchContentValidations.feature:45&amp#27;[0m
  &amp#27;[32mGiven &amp#27;[0m&amp#27;[32muser has &amp#27;[0m&amp#27;[32m&amp#27;[1m"iTunesSearchAPI"&amp#27;[0m                                             &amp#27;[90m# stepDefinations.StepDefinations.user_has(java.lang.String)&amp#27;[0m
  &amp#27;[32mAnd &amp#27;[0m&amp#27;[32mQuery Params term as &amp#27;[0m&amp#27;[32m&amp#27;[1m"Blueprint"&amp#27;[0m&amp#27;[32m and &amp#27;[0m&amp#27;[32m&amp#27;[1m"media"&amp#27;[0m&amp#27;[32m as &amp#27;[0m&amp#27;[32m&amp#27;[1m"audiobook"&amp#27;[0m              &amp#27;[90m# stepDefinations.StepDefinations.queryParams_as(java.lang.String,java.lang.String,java.lang.String)&amp#27;[0m
  &amp#27;[32mWhen &amp#27;[0m&amp#27;[32muser hits iTunes Search API&amp#27;[0m                                             &amp#27;[90m# stepDefinations.StepDefinations.user_hits_i_tunes_search_api()&amp#27;[0m
  &amp#27;[32mThen &amp#27;[0m&amp#27;[32mthe API call got response with status code &amp#27;[0m&amp#27;[32m&amp#27;[1m200&amp#27;[0m                          &amp#27;[90m# stepDefinations.StepDefinations.the_api_call_got_response_with_status_code(java.lang.Integer)&amp#27;[0m
  &amp#27;[32mAnd &amp#27;[0m&amp#27;[32mresponse result count should be less than or equal to &amp#27;[0m&amp#27;[32m&amp#27;[1m50&amp#27;[0m                 &amp#27;[90m# stepDefinations.StepDefinations.response_result_count_should_be_less_than_or_equal_to(java.lang.Integer)&amp#27;[0m
  &amp#27;[31mAnd &amp#27;[0m&amp#27;[31mresponse kind is &amp#27;[0m&amp#27;[31m&amp#27;[1m"audiobook"&amp#27;[0m                                             &amp#27;[90m# stepDefinations.StepDefinations.response_kind_in_each_node_should_be(java.lang.String)&amp#27;[0m
      &amp#27;[31mjava.lang.AssertionError: expected:<null> but was:<audiobook>
	at org.junit.Assert.fail(Assert.java:88)
	at org.junit.Assert.failNotEquals(Assert.java:743)
	at org.junit.Assert.assertEquals(Assert.java:118)
	at org.junit.Assert.assertEquals(Assert.java:144)
	at stepDefinations.StepDefinations.response_kind_in_each_node_should_be(StepDefinations.java:102)
	at ✽.response kind is "audiobook"(file:///D:/eclipse_workspace_d/Itunes_API_Framework/src/test/java/features/searchContentValidations.feature:36)
&amp#27;[0m
  &amp#27;[36mAnd &amp#27;[0m&amp#27;[36meach node in response contains given keyword&amp#27;[0m                             &amp#27;[90m# stepDefinations.StepDefinations.each_node_in_response_contains_given_keyword()&amp#27;[0m
]]></system-out>
  </testcase>
  <testcase name="Validate iTunes Search API Response filtering based on media #6" classname="iTunes Search API Validations" time="0.175"/>
  <testcase name="Validate iTunes Search API Response filtering based on media #7" classname="iTunes Search API Validations" time="6.567">
    <failure message="Node 1 missing the search term" type="java.lang.AssertionError">java.lang.AssertionError: Node 1 missing the search term
</failure>
    <system-out><![CDATA[
@Regression @MediaKind
Scenario Outline: Validate iTunes Search API Response filtering based on media &amp#27;[90m# src/test/java/features/searchContentValidations.feature:47&amp#27;[0m
  &amp#27;[32mGiven &amp#27;[0m&amp#27;[32muser has &amp#27;[0m&amp#27;[32m&amp#27;[1m"iTunesSearchAPI"&amp#27;[0m                                             &amp#27;[90m# stepDefinations.StepDefinations.user_has(java.lang.String)&amp#27;[0m
  &amp#27;[32mAnd &amp#27;[0m&amp#27;[32mQuery Params term as &amp#27;[0m&amp#27;[32m&amp#27;[1m"racing games"&amp#27;[0m&amp#27;[32m and &amp#27;[0m&amp#27;[32m&amp#27;[1m"media"&amp#27;[0m&amp#27;[32m as &amp#27;[0m&amp#27;[32m&amp#27;[1m"software"&amp#27;[0m            &amp#27;[90m# stepDefinations.StepDefinations.queryParams_as(java.lang.String,java.lang.String,java.lang.String)&amp#27;[0m
  &amp#27;[32mWhen &amp#27;[0m&amp#27;[32muser hits iTunes Search API&amp#27;[0m                                             &amp#27;[90m# stepDefinations.StepDefinations.user_hits_i_tunes_search_api()&amp#27;[0m
  &amp#27;[32mThen &amp#27;[0m&amp#27;[32mthe API call got response with status code &amp#27;[0m&amp#27;[32m&amp#27;[1m200&amp#27;[0m                          &amp#27;[90m# stepDefinations.StepDefinations.the_api_call_got_response_with_status_code(java.lang.Integer)&amp#27;[0m
  &amp#27;[32mAnd &amp#27;[0m&amp#27;[32mresponse result count should be less than or equal to &amp#27;[0m&amp#27;[32m&amp#27;[1m50&amp#27;[0m                 &amp#27;[90m# stepDefinations.StepDefinations.response_result_count_should_be_less_than_or_equal_to(java.lang.Integer)&amp#27;[0m
  &amp#27;[32mAnd &amp#27;[0m&amp#27;[32mresponse kind is &amp#27;[0m&amp#27;[32m&amp#27;[1m"software"&amp#27;[0m                                              &amp#27;[90m# stepDefinations.StepDefinations.response_kind_in_each_node_should_be(java.lang.String)&amp#27;[0m
  &amp#27;[31mAnd &amp#27;[0m&amp#27;[31meach node in response contains given keyword&amp#27;[0m                             &amp#27;[90m# stepDefinations.StepDefinations.each_node_in_response_contains_given_keyword()&amp#27;[0m
      &amp#27;[31mjava.lang.AssertionError: Node 1 missing the search term
	at org.junit.Assert.fail(Assert.java:88)
	at org.junit.Assert.assertTrue(Assert.java:41)
	at stepDefinations.StepDefinations.each_node_in_response_contains_given_keyword(StepDefinations.java:83)
	at ✽.each node in response contains given keyword(file:///D:/eclipse_workspace_d/Itunes_API_Framework/src/test/java/features/searchContentValidations.feature:37)
&amp#27;[0m
]]></system-out>
  </testcase>
  <testcase name="Validate iTunes Search API Response filtering based on media #8" classname="iTunes Search API Validations" time="2.176"/>
  <testcase name="Validate iTunes Search API Response with limited no of nodes" classname="iTunes Search API Validations" time="0.175"/>
  <testcase name="Validate iTunes Search API Response with language param #1" classname="iTunes Search API Validations" time="1.516"/>
  <testcase name="Validate iTunes Search API Response with language param #2" classname="iTunes Search API Validations" time="1.556"/>
  <testcase name="Validate iTunes Search API Response with language param #3" classname="iTunes Search API Validations" time="1.784"/>
  <testcase name="Validate iTunes Search API Response with callback JSONP." classname="iTunes Search API Validations" time="0.153"/>
  <testcase name="Validate iTunes Search API Response with invalid search String." classname="iTunes Search API Validations" time="0.07"/>
</testsuite>