<?xml version="1.0" encoding="UTF-8"?>
<testsuite xmlns:xsi="http://www.w3.org/2001/XMLSchema-instance" xsi:noNamespaceSchemaLocation="https://maven.apache.org/surefire/maven-surefire-plugin/xsd/surefire-test-report.xsd" name="cucumber.Options.TestRunner" time="32.628" tests="19" errors="0" skipped="0" failures="4">
  <properties>
[...]
</properties>
  <testcase name="Validate iTunes Search API Response" classname="iTunes Search API Validations" time="5.414"/>
  <testcase name="Validate iTunes Search API Response filtering based on country #1" classname="iTunes Search API Validations" time="2.307"/>
  <testcase name="Validate iTunes Search API Response filtering based on country #2" classname="iTunes Search API Validations" time="1.504"/>
  <testcase name="Validate iTunes Search API Response filtering based on country #3" classname="iTunes Search API Validations" time="2.435"/>
  <testcase name="Validate iTunes Search API Response filtering based on country #4" classname="iTunes Search API Validations" time="1.831"/>
  <testcase name="Validate iTunes Search API Response filtering based on media #1" classname="iTunes Search API Validations" time="0.665">
    <failure message="Node 4 missing the search term" type="java.lang.AssertionError">java.lang.AssertionError: Node 4 missing the search term
</failure>
    <system-out><![CDATA[
@Regression @MediaKind
Scenario Outline: Validate iTunes Search API Response filtering based on media &amp#27;[90m# src/test/java/features/searchContentValidations.feature:41&amp#27;[0m
  &amp#27;[32mGiven &amp#27;[0m&amp#27;[32muser has &amp#27;[0m&amp#27;[32m&amp#27;[1m"iTunesSearchAPI"&amp#27;[0m                                             &amp#27;[90m# stepDefinations.StepDefinations.user_has(java.lang.String)&amp#27;[0m
  &amp#27;[32mAnd &amp#27;[0m&amp#27;[32mQuery Params term as &amp#27;[0m&amp#27;[32m&amp#27;[1m"James Cameron"&amp#27;[0m&amp#27;[32m and &amp#27;[0m&amp#27;[32m&amp#27;[1m"media"&amp#27;[0m&amp#27;[32m as &amp#27;[0m&amp#27;[32m&amp#27;[1m"movie"&amp#27;[0m              &amp#27;[90m# stepDefinations.StepDefinations.queryParams_as(java.lang.String,java.lang.String,java.lang.String)&amp#27;[0m
  &amp#27;[32mWhen &amp#27;[0m&amp#27;[32muser hits iTunes Search API&amp#27;[0m                                             &amp#27;[90m# stepDefinations.StepDefinations.user_hits_i_tunes_search_api()&amp#27;[0m
  &amp#27;[32mThen &amp#27;[0m&amp#27;[32mthe API call got response with status code &amp#27;[0m&amp#27;[32m&amp#27;[1m200&amp#27;[0m                          &amp#27;[90m# stepDefinations.StepDefinations.the_api_call_got_response_with_status_code(java.lang.Integer)&amp#27;[0m
  &amp#27;[32mAnd &amp#27;[0m&amp#27;[32mresponse result count should be less than or equal to &amp#27;[0m&amp#27;[32m&amp#27;[1m50&amp#27;[0m                 &amp#27;[90m# stepDefinations.StepDefinations.response_result_count_should_be_less_than_or_equal_to(java.lang.Integer)&amp#27;[0m
  &amp#27;[32mAnd &amp#27;[0m&amp#27;[32mresponse kind is &amp#27;[0m&amp#27;[32m&amp#27;[1m"feature-movie"&amp#27;[0m                                         &amp#27;[90m# stepDefinations.StepDefinations.response_kind_in_each_node_should_be(java.lang.String)&amp#27;[0m
  &amp#27;[31mAnd &amp#27;[0m&amp#27;[31meach node in response contains given keyword&amp#27;[0m                             &amp#27;[90m# stepDefinations.StepDefinations.each_node_in_response_contains_given_keyword()&amp#27;[0m
      &amp#27;[31mjava.lang.AssertionError: Node 4 missing the search term
	at org.junit.Assert.fail(Assert.java:88)
	at org.junit.Assert.assertTrue(Assert.java:41)
	at stepDefinations.StepDefinations.each_node_in_response_contains_given_keyword(StepDefinations.java:83)
	at ✽.each node in response contains given keyword(file:///D:/eclipse_workspace_d/Itunes_API_Framework/src/test/java/features/searchContentValidations.feature:37)
&amp#27;[0m
]]></system-out>
  </testcase>
  <testcase name="Validate iTunes Search API Response filtering based on media #2" classname="iTunes Search API Validations" time="0.109"/>
  <testcase name="Validate iTunes Search API Response filtering based on media #3" classname="iTunes Search API Validations" time="1.975"/>
  <testcase name="Validate iTunes Search API Response filtering based on media #4" classname="iTunes Search API Validations" time="1.347">
    <failure message="Node 1 missing the search term" type="java.lang.AssertionError">java.lang.AssertionError: Node 1 missing the search term
</failure>
    <system-out><![CDATA[
@Regression @MediaKind
Scenario Outline: Validate iTunes Search API Response filtering based on media &amp#27;[90m# src/test/java/features/searchContentValidations.feature:44&amp#27;[0m
  &amp#27;[32mGiven &amp#27;[0m&amp#27;[32muser has &amp#27;[0m&amp#27;[32m&amp#27;[1m"iTunesSearchAPI"&amp#27;[0m                                             &amp#27;[90m# stepDefinations.StepDefinations.user_has(java.lang.String)&amp#27;[0m
  &amp#27;[32mAnd &amp#27;[0m&amp#27;[32mQuery Params term as &amp#27;[0m&amp#27;[32m&amp#27;[1m"A.R. Rahman"&amp#27;[0m&amp#27;[32m and &amp#27;[0m&amp#27;[32m&amp#27;[1m"media"&amp#27;[0m&amp#27;[32m as &amp#27;[0m&amp#27;[32m&amp#27;[1m"musicVideo"&amp#27;[0m           &amp#27;[90m# stepDefinations.StepDefinations.queryParams_as(java.lang.String,java.lang.String,java.lang.String)&amp#27;[0m
  &amp#27;[32mWhen &amp#27;[0m&amp#27;[32muser hits iTunes Search API&amp#27;[0m                                             &amp#27;[90m# stepDefinations.StepDefinations.user_hits_i_tunes_search_api()&amp#27;[0m
  &amp#27;[32mThen &amp#27;[0m&amp#27;[32mthe API call got response with status code &amp#27;[0m&amp#27;[32m&amp#27;[1m200&amp#27;[0m                          &amp#27;[90m# stepDefinations.StepDefinations.the_api_call_got_response_with_status_code(java.lang.Integer)&amp#27;[0m
  &amp#27;[32mAnd &amp#27;[0m&amp#27;[32mresponse result count should be less than or equal to &amp#27;[0m&amp#27;[32m&amp#27;[1m50&amp#27;[0m                 &amp#27;[90m# stepDefinations.StepDefinations.response_result_count_should_be_less_than_or_equal_to(java.lang.Integer)&amp#27;[0m
  &amp#27;[32mAnd &amp#27;[0m&amp#27;[32mresponse kind is &amp#27;[0m&amp#27;[32m&amp#27;[1m"music-video"&amp#27;[0m                                           &amp#27;[90m# stepDefinations.StepDefinations.response_kind_in_each_node_should_be(java.lang.String)&amp#27;[0m
  &amp#27;[31mAnd &amp#27;[0m&amp#27;[31meach node in response contains given keyword&amp#27;[0m                             &amp#27;[90m# stepDefinations.StepDefinations.each_node_in_response_contains_given_keyword()&amp#27;[0m
      &amp#27;[31mjava.lang.AssertionError: Node 1 missing the search term
	at org.junit.Assert.fail(Assert.java:88)
	at org.junit.Assert.assertTrue(Assert.java:41)
	at stepDefinations.StepDefinations.each_node_in_response_contains_given_keyword(StepDefinations.java:83)
	at ✽.each node in response contains given keyword(file:///D:/eclipse_workspace_d/Itunes_API_Framework/src/test/java/features/searchContentValidations.feature:37)
&amp#27;[0m
]]></system-out>
  </testcase>
  <testcase name="Validate iTunes Search API Response filtering based on media #5" classname="iTunes Search API Validations" time="0.172">
    <failure message="expected:&lt;null&gt; but was:&lt;audiobook&gt;" type="java.lang.AssertionError"><![CDATA[java.lang.AssertionError: expected:<null> but was:<audiobook>
]]></failure>
    <system-out><![CDATA[
@Regression @MediaKind
Scenario Outline: Validate iTunes Search API Response filtering based on media &amp#27;[90m# src/test/java/features/searchContentValidations.feature:45&amp#27;[0m
  &amp#27;[32mGiven &amp#27;[0m&amp#27;[32muser has &amp#27;[0m&amp#27;[32m&amp#27;[1m"iTunesSearchAPI"&amp#27;[0m                                             &amp#27;[90m# stepDefinations.StepDefinations.user_has(java.lang.String)&amp#27;[0m
  &amp#27;[32mAnd &amp#27;[0m&amp#27;[32mQuery Params term as &amp#27;[0m&amp#27;[32m&amp#27;[1m"Blueprint"&amp#27;[0m&amp#27;[32m and &amp#27;[0m&amp#27;[32m&amp#27;[1m"media"&amp#27;[0m&amp#27;[32m as &amp#27;[0m&amp#27;[32m&amp#27;[1m"audiobook"&amp#27;[0m              &amp#27;[90m# stepDefinations.StepDefinations.queryParams_as(java.lang.String,java.lang.String,java.lang.String)&amp#27;[0m
  &amp#27;[32mWhen &amp#27;[0m&amp#27;[32muser hits iTunes Search API&amp#27;[0m                                             &amp#27;[90m# stepDefinations.StepDefinations.user_hits_i_tunes_search_api()&amp#27;[0m
  &amp#27;[32mThen &amp#27;[0m&amp#27;[32mthe API call got response with status code &amp#27;[0m&amp#27;[32m&amp#27;[1m200&amp#27;[0m                          &amp#27;[90m# stepDefinations.StepDefinations.the_api_call_got_response_with_status_code(java.lang.Integer)&amp#27;[0m
  &amp#27;[32mAnd &amp#27;[0m&amp#27;[32mresponse result count should be less than or equal to &amp#27;[0m&amp#27;[32m&amp#27;[1m50&amp#27;[0m                 &amp#27;[90m# stepDefinations.StepDefinations.response_result_count_should_be_less_than_or_equal_to(java.lang.Integer)&amp#27;[0m
  &amp#27;[31mAnd &amp#27;[0m&amp#27;[31mresponse kind is &amp#27;[0m&amp#27;[31m&amp#27;[1m"audiobook"&amp#27;[0m                                             &amp#27;[90m# stepDefinations.StepDefinations.response_kind_in_each_node_should_be(java.lang.String)&amp#27;[0m
      &amp#27;[31mjava.lang.AssertionError: expected:<null> but was:<audiobook>
	at org.junit.Assert.fail(Assert.java:88)
	at org.junit.Assert.failNotEquals(Assert.java:743)
	at org.junit.Assert.assertEquals(Assert.java:118)
	at org.junit.Assert.assertEquals(Assert.java:144)
	at stepDefinations.StepDefinations.response_kind_in_each_node_should_be(StepDefinations.java:102)
	at ✽.response kind is "audiobook"(file:///D:/eclipse_workspace_d/Itunes_API_Framework/src/test/java/features/searchContentValidations.feature:36)
&amp#27;[0m
  &amp#27;[36mAnd &amp#27;[0m&amp#27;[36meach node in response contains given keyword&amp#27;[0m                             &amp#27;[90m# stepDefinations.StepDefinations.each_node_in_response_contains_given_keyword()&amp#27;[0m
]]></system-out>
  </testcase>
  <testcase name="Validate iTunes Search API Response filtering based on media #6" classname="iTunes Search API Validations" time="0.175"/>
  <testcase name="Validate iTunes Search API Response filtering based on media #7" classname="iTunes Search API Validations" time="6.567">
    <failure message="Node 1 missing the search term" type="java.lang.AssertionError">java.lang.AssertionError: Node 1 missing the search term
</failure>
    <system-out><![CDATA[
@Regression @MediaKind
Scenario Outline: Validate iTunes Search API Response filtering based on media &amp#27;[90m# src/test/java/features/searchContentValidations.feature:47&amp#27;[0m
  &amp#27;[32mGiven &amp#27;[0m&amp#27;[32muser has &amp#27;[0m&amp#27;[32m&amp#27;[1m"iTunesSearchAPI"&amp#27;[0m                                             &amp#27;[90m# stepDefinations.StepDefinations.user_has(java.lang.String)&amp#27;[0m
  &amp#27;[32mAnd &amp#27;[0m&amp#27;[32mQuery Params term as &amp#27;[0m&amp#27;[32m&amp#27;[1m"racing games"&amp#27;[0m&amp#27;[32m and &amp#27;[0m&amp#27;[32m&amp#27;[1m"media"&amp#27;[0m&amp#27;[32m as &amp#27;[0m&amp#27;[32m&amp#27;[1m"software"&amp#27;[0m            &amp#27;[90m# stepDefinations.StepDefinations.queryParams_as(java.lang.String,java.lang.String,java.lang.String)&amp#27;[0m
  &amp#27;[32mWhen &amp#27;[0m&amp#27;[32muser hits iTunes Search API&amp#27;[0m                                             &amp#27;[90m# stepDefinations.StepDefinations.user_hits_i_tunes_search_api()&amp#27;[0m
  &amp#27;[32mThen &amp#27;[0m&amp#27;[32mthe API call got response with status code &amp#27;[0m&amp#27;[32m&amp#27;[1m200&amp#27;[0m                          &amp#27;[90m# stepDefinations.StepDefinations.the_api_call_got_response_with_status_code(java.lang.Integer)&amp#27;[0m
  &amp#27;[32mAnd &amp#27;[0m&amp#27;[32mresponse result count should be less than or equal to &amp#27;[0m&amp#27;[32m&amp#27;[1m50&amp#27;[0m                 &amp#27;[90m# stepDefinations.StepDefinations.response_result_count_should_be_less_than_or_equal_to(java.lang.Integer)&amp#27;[0m
  &amp#27;[32mAnd &amp#27;[0m&amp#27;[32mresponse kind is &amp#27;[0m&amp#27;[32m&amp#27;[1m"software"&amp#27;[0m                                              &amp#27;[90m# stepDefinations.StepDefinations.response_kind_in_each_node_should_be(java.lang.String)&amp#27;[0m
  &amp#27;[31mAnd &amp#27;[0m&amp#27;[31meach node in response contains given keyword&amp#27;[0m                             &amp#27;[90m# stepDefinations.StepDefinations.each_node_in_response_contains_given_keyword()&amp#27;[0m
      &amp#27;[31mjava.lang.AssertionError: Node 1 missing the search term
	at org.junit.Assert.fail(Assert.java:88)
	at org.junit.Assert.assertTrue(Assert.java:41)
	at stepDefinations.StepDefinations.each_node_in_response_contains_given_keyword(StepDefinations.java:83)
	at ✽.each node in response contains given keyword(file:///D:/eclipse_workspace_d/Itunes_API_Framework/src/test/java/features/searchContentValidations.feature:37)
&amp#27;[0m
]]></system-out>
  </testcase>
  <testcase name="Validate iTunes Search API Response filtering based on media #8" classname="iTunes Search API Validations" time="2.176"/>
  <testcase name="Validate iTunes Search API Response with limited no of nodes" classname="iTunes Search API Validations" time="0.175"/>
  <testcase name="Validate iTunes Search API Response with language param #1" classname="iTunes Search API Validations" time="1.516"/>
  <testcase name="Validate iTunes Search API Response with language param #2" classname="iTunes Search API Validations" time="1.556"/>
  <testcase name="Validate iTunes Search API Response with language param #3" classname="iTunes Search API Validations" time="1.784"/>
  <testcase name="Validate iTunes Search API Response with callback JSONP." classname="iTunes Search API Validations" time="0.153"/>
  <testcase name="Validate iTunes Search API Response with invalid search String." classname="iTunes Search API Validations" time="0.07"/>
</testsuite>